#
# A fatal error has been detected by the Java Runtime Environment:
#
#  EXCEPTION_UNCAUGHT_CXX_EXCEPTION (0xe06d7363) at pc=0x000007fefd6aa06d, pid=12204, tid=0x000000000000322c
#
# JRE version: Java(TM) SE Runtime Environment (8.0_131-b11) (build 1.8.0_131-b11)
# Java VM: Java HotSpot(TM) 64-Bit Server VM (25.131-b11 mixed mode windows-amd64 compressed oops)
# Problematic frame:
# C  [KERNELBASE.dll+0x1a06d]
#
# Failed to write core dump. Minidumps are not enabled by default on client versions of Windows
#
# If you would like to submit a bug report, please visit:
#   http://bugreport.java.com/bugreport/crash.jsp
# The crash happened outside the Java Virtual Machine in native code.
# See problematic frame for where to report the bug.
#

---------------  T H R E A D  ---------------

Current thread (0x000000005ab38800):  JavaThread "pool-1-thread-4" [_thread_in_native, id=12844, stack(0x000000005d3d0000,0x000000005d4d0000)]

siginfo: ExceptionCode=0xe06d7363, ExceptionInformation=0x0000000019930520 0x000000005d4ce920 0x000000006f78e0a0 0x000000006f660000 

Registers:
RAX=0x00000000641c3c01, RBX=0x000000005d4ce920, RCX=0x000000005d4ce1a0, RDX=0x00000000000000d0
RSP=0x000000005d4ce7b0, RBP=0x000000005d4ce8e0, RSI=0x000000005ab31180, RDI=0x000000006f78e0a0
R8 =0x0000000000000000, R9 =0x0000000000000000, R10=0x000000006f660000, R11=0x000000005d4ce7f0
R12=0x0000000000000000, R13=0x0000000084f24c90, R14=0x000000005d4ce950, R15=0x000000005ab38800
RIP=0x000007fefd6aa06d, EFLAGS=0x0000000000000202

Top of Stack: (sp=0x000000005d4ce7b0)
0x000000005d4ce7b0:   000000005d4ce920 000000005ab31180
0x000000005d4ce7c0:   000000006f78e0a0 000000005e7a8130
0x000000005d4ce7d0:   00000001e06d7363 0000000000000000
0x000000005d4ce7e0:   000007fefd6aa06d 0000000000000004
0x000000005d4ce7f0:   0000000019930520 000000005d4ce920
0x000000005d4ce800:   000000006f78e0a0 000000006f660000
0x000000005d4ce810:   000000005ab38800 000000005d4ce898
0x000000005d4ce820:   0000000057801630 000000005e86d6fe
0x000000005d4ce830:   000000000032ad20 000000005ab38800
0x000000005d4ce840:   0000000000000000 000000005ab38800
0x000000005d4ce850:   000000005d4ce950 0000000084f24c90
0x000000005d4ce860:   0000000000000000 000000006f78e0a0
0x000000005d4ce870:   000000005ab31180 000000006f9214f1
0x000000005d4ce880:   000000005d4ce920 000000005d4ce8f0
0x000000005d4ce890:   00006ee700000001 000000006f660118
0x000000005d4ce8a0:   00000001e06d7363 0000000000000000 

Instructions: (pc=0x000007fefd6aa06d)
0x000007fefd6aa04d:   54 24 24 48 89 4c 24 28 4d 85 c9 0f 85 6a 03 00
0x000007fefd6aa05d:   00 89 4c 24 38 48 8d 4c 24 20 ff 15 33 02 03 00
0x000007fefd6aa06d:   48 81 c4 c8 00 00 00 c3 90 90 90 90 90 90 90 90
0x000007fefd6aa07d:   90 90 90 48 83 ec 28 65 48 8b 04 25 30 00 00 00 


Register to memory mapping:

RAX=0x00000000641c3c01 is an unknown value
RBX=0x000000005d4ce920 is pointing into the stack for thread: 0x000000005ab38800
RCX=0x000000005d4ce1a0 is pointing into the stack for thread: 0x000000005ab38800
RDX=0x00000000000000d0 is an unknown value
RSP=0x000000005d4ce7b0 is pointing into the stack for thread: 0x000000005ab38800
RBP=0x000000005d4ce8e0 is pointing into the stack for thread: 0x000000005ab38800
RSI=0x000000005ab31180 is an unknown value
RDI=0x000000006f78e0a0 is an unknown value
R8 =0x0000000000000000 is an unknown value
R9 =0x0000000000000000 is an unknown value
R10=0x000000006f660000 is an unknown value
R11=0x000000005d4ce7f0 is pointing into the stack for thread: 0x000000005ab38800
R12=0x0000000000000000 is an unknown value
R13=0x0000000084f24c90 is an oop
sun.awt.Win32GraphicsConfig 
 - klass: 'sun/awt/Win32GraphicsConfig'
R14=0x000000005d4ce950 is pointing into the stack for thread: 0x000000005ab38800
R15=0x000000005ab38800 is a thread


Stack: [0x000000005d3d0000,0x000000005d4d0000],  sp=0x000000005d4ce7b0,  free space=1017k
Native frames: (J=compiled Java code, j=interpreted, Vv=VM code, C=native code)
C  [KERNELBASE.dll+0x1a06d]
C  [msvcr100.dll+0x614f1]
C  [awt.dll+0xd83bd]
C  [awt.dll+0xcfab0]
C  0x0000000002c30d35

Java frames: (J=compiled Java code, j=interpreted, Vv=VM code)
J 1651  sun.awt.Win32GraphicsConfig.getBounds(I)Ljava/awt/Rectangle; (0 bytes) @ 0x0000000002c30cbb [0x0000000002c30c80+0x3b]
J 2427 C2 java.awt.Frame.<init>(Ljava/lang/String;)V (42 bytes) @ 0x0000000003025da8 [0x0000000003025520+0x888]
J 2537 C2 evolutionaryNeuralNetwork.DriverUI.<init>()V (1205 bytes) @ 0x00000000030f8f94 [0x00000000030f8f60+0x34]
J 2553 C2 evolutionaryNeuralNetwork.WorkerTask.tournamentSelection([[D)[D (62 bytes) @ 0x0000000003109d50 [0x00000000031096e0+0x670]
J 2588 C2 evolutionaryNeuralNetwork.WorkerTask.call()[Ljava/lang/Double; (108 bytes) @ 0x0000000003115e9c [0x0000000003115e60+0x3c]
J 2171 C1 java.util.concurrent.FutureTask.run()V (126 bytes) @ 0x0000000002e054f4 [0x0000000002e052a0+0x254]
j  java.util.concurrent.ThreadPoolExecutor.runWorker(Ljava/util/concurrent/ThreadPoolExecutor$Worker;)V+95
j  java.util.concurrent.ThreadPoolExecutor$Worker.run()V+5
j  java.lang.Thread.run()V+11
v  ~StubRoutines::call_stub

---------------  P R O C E S S  ---------------

Java Threads: ( => current thread )
  0x000000005ab4f800 JavaThread "pool-1-thread-8" [_thread_blocked, id=6848, stack(0x000000005d670000,0x000000005d770000)]
  0x000000005ab4f000 JavaThread "pool-1-thread-7" [_thread_blocked, id=12792, stack(0x000000005da20000,0x000000005db20000)]
  0x000000005ab3c000 JavaThread "pool-1-thread-6" [_thread_blocked, id=4108, stack(0x000000005d7f0000,0x000000005d8f0000)]
  0x000000005ab39000 JavaThread "pool-1-thread-5" [_thread_blocked, id=2708, stack(0x000000005d560000,0x000000005d660000)]
=>0x000000005ab38800 JavaThread "pool-1-thread-4" [_thread_in_native, id=12844, stack(0x000000005d3d0000,0x000000005d4d0000)]
  0x000000005ab43800 JavaThread "pool-1-thread-3" [_thread_blocked, id=12700, stack(0x000000005d250000,0x000000005d350000)]
  0x000000005ab42800 JavaThread "pool-1-thread-2" [_thread_blocked, id=260, stack(0x000000005d090000,0x000000005d190000)]
  0x000000005ab41000 JavaThread "pool-1-thread-1" [_thread_blocked, id=11844, stack(0x000000005cf20000,0x000000005d020000)]
  0x000000005aa9d000 JavaThread "TimerQueue" daemon [_thread_blocked, id=13232, stack(0x000000005bc60000,0x000000005bd60000)]
  0x0000000001cce000 JavaThread "DestroyJavaVM" [_thread_blocked, id=4712, stack(0x0000000002310000,0x0000000002410000)]
  0x000000005a9e8000 JavaThread "AWT-EventQueue-0" [_thread_blocked, id=11548, stack(0x000000005b540000,0x000000005b640000)]
  0x000000005a9e2000 JavaThread "AWT-Windows" daemon [_thread_blocked, id=8768, stack(0x000000005b420000,0x000000005b520000)]
  0x000000005a9e1000 JavaThread "AWT-Shutdown" [_thread_blocked, id=11448, stack(0x000000005b160000,0x000000005b260000)]
  0x000000005a9a9800 JavaThread "Java2D Disposer" daemon [_thread_blocked, id=12348, stack(0x000000005b270000,0x000000005b370000)]
  0x0000000058b3c000 JavaThread "Service Thread" daemon [_thread_blocked, id=9568, stack(0x000000005a5e0000,0x000000005a6e0000)]
  0x0000000058ab8800 JavaThread "C1 CompilerThread3" daemon [_thread_blocked, id=9624, stack(0x000000005a2c0000,0x000000005a3c0000)]
  0x0000000058ab7000 JavaThread "C2 CompilerThread2" daemon [_thread_blocked, id=4340, stack(0x000000005a020000,0x000000005a120000)]
  0x0000000058aa8000 JavaThread "C2 CompilerThread1" daemon [_thread_blocked, id=6804, stack(0x000000005a3c0000,0x000000005a4c0000)]
  0x0000000058aa0800 JavaThread "C2 CompilerThread0" daemon [_thread_blocked, id=12228, stack(0x00000000599c0000,0x0000000059ac0000)]
  0x0000000058a9d000 JavaThread "Attach Listener" daemon [_thread_blocked, id=7500, stack(0x000000005a1a0000,0x000000005a2a0000)]
  0x0000000058a9b800 JavaThread "Signal Dispatcher" daemon [_thread_blocked, id=7360, stack(0x0000000059d50000,0x0000000059e50000)]
  0x00000000579ed000 JavaThread "Finalizer" daemon [_thread_blocked, id=3176, stack(0x0000000059f00000,0x000000005a000000)]
  0x00000000579e6800 JavaThread "Reference Handler" daemon [_thread_blocked, id=8928, stack(0x0000000059c50000,0x0000000059d50000)]

Other Threads:
  0x0000000058a52000 VMThread [stack: 0x0000000059ad0000,0x0000000059bd0000] [id=8132]
  0x0000000058b53000 WatcherThread [stack: 0x000000005a850000,0x000000005a950000] [id=8636]

VM state:at safepoint (normal execution)

VM Mutex/Monitor currently owned by a thread:  ([mutex/lock_event])
[0x0000000001ccc8d0] Threads_lock - owner thread: 0x0000000058a52000
[0x0000000001cccdd0] Heap_lock - owner thread: 0x000000005ab39000

Heap:
 PSYoungGen      total 461824K, used 230912K [0x00000000d5b80000, 0x0000000100000000, 0x0000000100000000)
  eden space 230912K, 100% used [0x00000000d5b80000,0x00000000e3d00000,0x00000000e3d00000)
  from space 230912K, 0% used [0x00000000f1e80000,0x00000000f1e80000,0x0000000100000000)
  to   space 230912K, 0% used [0x00000000e3d00000,0x00000000e3d00000,0x00000000f1e80000)
 ParOldGen       total 1385984K, used 1385728K [0x0000000081200000, 0x00000000d5b80000, 0x00000000d5b80000)
  object space 1385984K, 99% used [0x0000000081200000,0x00000000d5b40198,0x00000000d5b80000)
 Metaspace       used 11803K, capacity 12004K, committed 12160K, reserved 1060864K
  class space    used 1469K, capacity 1552K, committed 1664K, reserved 1048576K

Card table byte_map: [0x0000000011aa0000,0x0000000011ea0000] byte_map_base: 0x0000000011697000

Marking Bits: (ParMarkBitMap*) 0x000000005ef4c720
 Begin Bits: [0x0000000012c90000, 0x0000000014c48000)
 End Bits:   [0x0000000014c48000, 0x0000000016c00000)

Polling page: 0x00000000000b0000

CodeCache: size=245760Kb used=10431Kb max_used=10431Kb free=235328Kb
 bounds [0x00000000026e0000, 0x0000000003120000, 0x00000000116e0000]
 total_blobs=3028 nmethods=2554 adapters=384
 compilation: enabled

Compilation events (10 events):
Event: 245.395 Thread 0x0000000058ab8800 nmethod 2593 0x000000000310bd50 code [0x000000000310bea0, 0x000000000310c010]
Event: 250.975 Thread 0x0000000058ab8800 2594       3       java.lang.Class$ReflectionData::<init> (10 bytes)
Event: 255.333 Thread 0x0000000058ab8800 nmethod 2594 0x0000000002894950 code [0x0000000002894aa0, 0x0000000002894c50]
Event: 256.774 Thread 0x0000000058ab8800 2595 %s    3       java.util.Vector::indexOf @ 36 (67 bytes)
Event: 259.662 Thread 0x0000000058ab8800 nmethod 2595% 0x000000000289e510 code [0x000000000289e6c0, 0x000000000289edc8]
Event: 262.556 Thread 0x0000000058ab8800 2597  s    3       java.util.Vector::indexOf (67 bytes)
Event: 268.370 Thread 0x0000000058ab8800 nmethod 2597 0x0000000002891150 code [0x0000000002891300, 0x00000000028919a8]
Event: 271.282 Thread 0x0000000058aa8000 2599 %s    4       java.util.Vector::indexOf @ 36 (67 bytes)
Event: 272.718 Thread 0x0000000058ab8800 2596       3       java.lang.Class::newReflectionData (74 bytes)
Event: 284.412 Thread 0x0000000058ab8800 nmethod 2596 0x00000000031186d0 code [0x00000000031188a0, 0x0000000003119230]

GC Heap History (10 events):
Event: 288.755 GC heap after
Heap after GC invocations=153 (full 131):
 PSYoungGen      total 461824K, used 230910K [0x00000000d5b80000, 0x0000000100000000, 0x0000000100000000)
  eden space 230912K, 99% used [0x00000000d5b80000,0x00000000e3cffa58,0x00000000e3d00000)
  from space 230912K, 0% used [0x00000000f1e80000,0x00000000f1e80000,0x0000000100000000)
  to   space 230912K, 0% used [0x00000000e3d00000,0x00000000e3d00000,0x00000000f1e80000)
 ParOldGen       total 1385984K, used 1385728K [0x0000000081200000, 0x00000000d5b80000, 0x00000000d5b80000)
  object space 1385984K, 99% used [0x0000000081200000,0x00000000d5b40198,0x00000000d5b80000)
 Metaspace       used 11803K, capacity 12004K, committed 12160K, reserved 1060864K
  class space    used 1469K, capacity 1552K, committed 1664K, reserved 1048576K
}
Event: 288.755 GC heap before
{Heap before GC invocations=154 (full 132):
 PSYoungGen      total 461824K, used 230912K [0x00000000d5b80000, 0x0000000100000000, 0x0000000100000000)
  eden space 230912K, 100% used [0x00000000d5b80000,0x00000000e3d00000,0x00000000e3d00000)
  from space 230912K, 0% used [0x00000000f1e80000,0x00000000f1e80000,0x0000000100000000)
  to   space 230912K, 0% used [0x00000000e3d00000,0x00000000e3d00000,0x00000000f1e80000)
 ParOldGen       total 1385984K, used 1385728K [0x0000000081200000, 0x00000000d5b80000, 0x00000000d5b80000)
  object space 1385984K, 99% used [0x0000000081200000,0x00000000d5b40198,0x00000000d5b80000)
 Metaspace       used 11803K, capacity 12004K, committed 12160K, reserved 1060864K
  class space    used 1469K, capacity 1552K, committed 1664K, reserved 1048576K
Event: 290.226 GC heap after
Heap after GC invocations=154 (full 132):
 PSYoungGen      total 461824K, used 230899K [0x00000000d5b80000, 0x0000000100000000, 0x0000000100000000)
  eden space 230912K, 99% used [0x00000000d5b80000,0x00000000e3cfcc90,0x00000000e3d00000)
  from space 230912K, 0% used [0x00000000f1e80000,0x00000000f1e80000,0x0000000100000000)
  to   space 230912K, 0% used [0x00000000e3d00000,0x00000000e3d00000,0x00000000f1e80000)
 ParOldGen       total 1385984K, used 1385728K [0x0000000081200000, 0x00000000d5b80000, 0x00000000d5b80000)
  object space 1385984K, 99% used [0x0000000081200000,0x00000000d5b40198,0x00000000d5b80000)
 Metaspace       used 11803K, capacity 12004K, committed 12160K, reserved 1060864K
  class space    used 1469K, capacity 1552K, committed 1664K, reserved 1048576K
}
Event: 290.226 GC heap before
{Heap before GC invocations=155 (full 133):
 PSYoungGen      total 461824K, used 230912K [0x00000000d5b80000, 0x0000000100000000, 0x0000000100000000)
  eden space 230912K, 100% used [0x00000000d5b80000,0x00000000e3d00000,0x00000000e3d00000)
  from space 230912K, 0% used [0x00000000f1e80000,0x00000000f1e80000,0x0000000100000000)
  to   space 230912K, 0% used [0x00000000e3d00000,0x00000000e3d00000,0x00000000f1e80000)
 ParOldGen       total 1385984K, used 1385728K [0x0000000081200000, 0x00000000d5b80000, 0x00000000d5b80000)
  object space 1385984K, 99% used [0x0000000081200000,0x00000000d5b40198,0x00000000d5b80000)
 Metaspace       used 11803K, capacity 12004K, committed 12160K, reserved 1060864K
  class space    used 1469K, capacity 1552K, committed 1664K, reserved 1048576K
Event: 291.678 GC heap after
Heap after GC invocations=155 (full 133):
 PSYoungGen      total 461824K, used 230903K [0x00000000d5b80000, 0x0000000100000000, 0x0000000100000000)
  eden space 230912K, 99% used [0x00000000d5b80000,0x00000000e3cfde10,0x00000000e3d00000)
  from space 230912K, 0% used [0x00000000f1e80000,0x00000000f1e80000,0x0000000100000000)
  to   space 230912K, 0% used [0x00000000e3d00000,0x00000000e3d00000,0x00000000f1e80000)
 ParOldGen       total 1385984K, used 1385728K [0x0000000081200000, 0x00000000d5b80000, 0x00000000d5b80000)
  object space 1385984K, 99% used [0x0000000081200000,0x00000000d5b40198,0x00000000d5b80000)
 Metaspace       used 11803K, capacity 12004K, committed 12160K, reserved 1060864K
  class space    used 1469K, capacity 1552K, committed 1664K, reserved 1048576K
}
Event: 291.678 GC heap before
{Heap before GC invocations=156 (full 134):
 PSYoungGen      total 461824K, used 230912K [0x00000000d5b80000, 0x0000000100000000, 0x0000000100000000)
  eden space 230912K, 100% used [0x00000000d5b80000,0x00000000e3d00000,0x00000000e3d00000)
  from space 230912K, 0% used [0x00000000f1e80000,0x00000000f1e80000,0x0000000100000000)
  to   space 230912K, 0% used [0x00000000e3d00000,0x00000000e3d00000,0x00000000f1e80000)
 ParOldGen       total 1385984K, used 1385728K [0x0000000081200000, 0x00000000d5b80000, 0x00000000d5b80000)
  object space 1385984K, 99% used [0x0000000081200000,0x00000000d5b40198,0x00000000d5b80000)
 Metaspace       used 11803K, capacity 12004K, committed 12160K, reserved 1060864K
  class space    used 1469K, capacity 1552K, committed 1664K, reserved 1048576K
Event: 293.087 GC heap after
Heap after GC invocations=156 (full 134):
 PSYoungGen      total 461824K, used 230905K [0x00000000d5b80000, 0x0000000100000000, 0x0000000100000000)
  eden space 230912K, 99% used [0x00000000d5b80000,0x00000000e3cfe778,0x00000000e3d00000)
  from space 230912K, 0% used [0x00000000f1e80000,0x00000000f1e80000,0x0000000100000000)
  to   space 230912K, 0% used [0x00000000e3d00000,0x00000000e3d00000,0x00000000f1e80000)
 ParOldGen       total 1385984K, used 1385728K [0x0000000081200000, 0x00000000d5b80000, 0x00000000d5b80000)
  object space 1385984K, 99% used [0x0000000081200000,0x00000000d5b40198,0x00000000d5b80000)
 Metaspace       used 11803K, capacity 12004K, committed 12160K, reserved 1060864K
  class space    used 1469K, capacity 1552K, committed 1664K, reserved 1048576K
}
Event: 293.087 GC heap before
{Heap before GC invocations=157 (full 135):
 PSYoungGen      total 461824K, used 230912K [0x00000000d5b80000, 0x0000000100000000, 0x0000000100000000)
  eden space 230912K, 100% used [0x00000000d5b80000,0x00000000e3d00000,0x00000000e3d00000)
  from space 230912K, 0% used [0x00000000f1e80000,0x00000000f1e80000,0x0000000100000000)
  to   space 230912K, 0% used [0x00000000e3d00000,0x00000000e3d00000,0x00000000f1e80000)
 ParOldGen       total 1385984K, used 1385728K [0x0000000081200000, 0x00000000d5b80000, 0x00000000d5b80000)
  object space 1385984K, 99% used [0x0000000081200000,0x00000000d5b40198,0x00000000d5b80000)
 Metaspace       used 11803K, capacity 12004K, committed 12160K, reserved 1060864K
  class space    used 1469K, capacity 1552K, committed 1664K, reserved 1048576K
Event: 294.528 GC heap after
Heap after GC invocations=157 (full 135):
 PSYoungGen      total 461824K, used 230906K [0x00000000d5b80000, 0x0000000100000000, 0x0000000100000000)
  eden space 230912K, 99% used [0x00000000d5b80000,0x00000000e3cfea90,0x00000000e3d00000)
  from space 230912K, 0% used [0x00000000f1e80000,0x00000000f1e80000,0x0000000100000000)
  to   space 230912K, 0% used [0x00000000e3d00000,0x00000000e3d00000,0x00000000f1e80000)
 ParOldGen       total 1385984K, used 1385728K [0x0000000081200000, 0x00000000d5b80000, 0x00000000d5b80000)
  object space 1385984K, 99% used [0x0000000081200000,0x00000000d5b40198,0x00000000d5b80000)
 Metaspace       used 11803K, capacity 12004K, committed 12160K, reserved 1060864K
  class space    used 1469K, capacity 1552K, committed 1664K, reserved 1048576K
}
Event: 294.528 GC heap before
{Heap before GC invocations=158 (full 136):
 PSYoungGen      total 461824K, used 230912K [0x00000000d5b80000, 0x0000000100000000, 0x0000000100000000)
  eden space 230912K, 100% used [0x00000000d5b80000,0x00000000e3d00000,0x00000000e3d00000)
  from space 230912K, 0% used [0x00000000f1e80000,0x00000000f1e80000,0x0000000100000000)
  to   space 230912K, 0% used [0x00000000e3d00000,0x00000000e3d00000,0x00000000f1e80000)
 ParOldGen       total 1385984K, used 1385728K [0x0000000081200000, 0x00000000d5b80000, 0x00000000d5b80000)
  object space 1385984K, 99% used [0x0000000081200000,0x00000000d5b40198,0x00000000d5b80000)
 Metaspace       used 11803K, capacity 12004K, committed 12160K, reserved 1060864K
  class space    used 1469K, capacity 1552K, committed 1664K, reserved 1048576K

Deoptimization events (10 events):
Event: 3.895 Thread 0x000000005ab3c000 Uncommon trap: reason=unstable_if action=reinterpret pc=0x0000000002d2d5f4 method=java.awt.EventQueue.postEvent(Ljava/awt/AWTEvent;I)V @ 6
Event: 3.904 Thread 0x000000005ab4f800 Uncommon trap: reason=unstable_if action=reinterpret pc=0x0000000002db1854 method=java.awt.EventQueue.postEvent(Ljava/awt/AWTEvent;I)V @ 6
Event: 15.387 Thread 0x000000005a9e8000 Uncommon trap: reason=null_check action=make_not_entrant pc=0x0000000002c03580 method=javax.swing.text.StyleContext$SmallAttributeSet.equals(Ljava/lang/Object;)Z @ 1
Event: 105.445 Thread 0x000000005ab4f800 Uncommon trap: reason=null_check action=make_not_entrant pc=0x0000000002b4e300 method=java.lang.Class.reflectionData()Ljava/lang/Class$ReflectionData; @ 24
Event: 118.398 Thread 0x000000005ab4f000 Uncommon trap: reason=null_check action=make_not_entrant pc=0x0000000002b4e330 method=java.lang.Class.reflectionData()Ljava/lang/Class$ReflectionData; @ 24
Event: 132.712 Thread 0x000000005ab39000 Uncommon trap: reason=null_check action=make_not_entrant pc=0x0000000002b38354 method=java.lang.Class.reflectionData()Ljava/lang/Class$ReflectionData; @ 24
Event: 134.121 Thread 0x000000005ab3c000 Uncommon trap: reason=null_check action=make_not_entrant pc=0x0000000002b28f24 method=java.lang.Class.reflectionData()Ljava/lang/Class$ReflectionData; @ 24
Event: 134.121 Thread 0x000000005ab41000 Uncommon trap: reason=null_check action=make_not_entrant pc=0x0000000002b28f24 method=java.lang.Class.reflectionData()Ljava/lang/Class$ReflectionData; @ 24
Event: 198.171 Thread 0x000000005a9e8000 Uncommon trap: reason=unstable_if action=reinterpret pc=0x000000000310f114 method=java.util.concurrent.FutureTask.report(I)Ljava/lang/Object; @ 7
Event: 272.718 Thread 0x000000005a9e8000 Uncommon trap: reason=unstable_if action=reinterpret pc=0x00000000030f3d88 method=java.util.concurrent.FutureTask.report(I)Ljava/lang/Object; @ 7

Internal exceptions (10 events):
Event: 209.745 Thread 0x000000005ab3c000 Exception <a 'java/lang/OutOfMemoryError'> (0x00000000837ddcf8) thrown at [C:\re\workspace\8-2-build-windows-amd64-cygwin\jdk8u131\8869\hotspot\src\share\vm\gc_interface/collectedHeap.inline.hpp, line 170]
Event: 222.200 Thread 0x000000005ab38800 Exception <a 'java/lang/OutOfMemoryError'> (0x00000000837ddc80) thrown at [C:\re\workspace\8-2-build-windows-amd64-cygwin\jdk8u131\8869\hotspot\src\share\vm\gc_interface/collectedHeap.inline.hpp, line 170]
Event: 238.413 Thread 0x000000005ab43800 Exception <a 'java/lang/OutOfMemoryError'> (0x00000000837ddc58) thrown at [C:\re\workspace\8-2-build-windows-amd64-cygwin\jdk8u131\8869\hotspot\src\share\vm\gc_interface/collectedHeap.inline.hpp, line 170]
Event: 250.975 Thread 0x000000005ab4f800 Exception <a 'java/lang/OutOfMemoryError'> (0x00000000837ddbe0) thrown at [C:\re\workspace\8-2-build-windows-amd64-cygwin\jdk8u131\8869\hotspot\src\share\vm\gc_interface/collectedHeap.inline.hpp, line 170]
Event: 258.217 Thread 0x000000005ab42800 Exception <a 'java/lang/OutOfMemoryError'> (0x00000000837ddbe0) thrown at [C:\re\workspace\8-2-build-windows-amd64-cygwin\jdk8u131\8869\hotspot\src\share\vm\gc_interface/collectedHeap.inline.hpp, line 170]
Event: 265.416 Thread 0x000000005ab4f800 Exception <a 'java/lang/OutOfMemoryError'> (0x00000000837ddbe0) thrown at [C:\re\workspace\8-2-build-windows-amd64-cygwin\jdk8u131\8869\hotspot\src\share\vm\gc_interface/collectedHeap.inline.hpp, line 170]
Event: 272.718 Thread 0x000000005ab4f000 Exception <a 'java/lang/OutOfMemoryError'> (0x00000000837ddbe0) thrown at [C:\re\workspace\8-2-build-windows-amd64-cygwin\jdk8u131\8869\hotspot\src\share\vm\gc_interface/collectedHeap.inline.hpp, line 170]
Event: 279.995 Thread 0x000000005ab38800 Exception <a 'java/lang/OutOfMemoryError'> (0x00000000837ddbe0) thrown at [C:\re\workspace\8-2-build-windows-amd64-cygwin\jdk8u131\8869\hotspot\src\share\vm\gc_interface/collectedHeap.inline.hpp, line 170]
Event: 287.310 Thread 0x000000005ab43800 Exception <a 'java/lang/OutOfMemoryError'> (0x00000000837ddbe0) thrown at [C:\re\workspace\8-2-build-windows-amd64-cygwin\jdk8u131\8869\hotspot\src\share\vm\gc_interface/collectedHeap.inline.hpp, line 170]
Event: 294.528 Thread 0x000000005ab38800 Exception <a 'java/lang/OutOfMemoryError'> (0x00000000837ddbe0) thrown at [C:\re\workspace\8-2-build-windows-amd64-cygwin\jdk8u131\8869\hotspot\src\share\vm\gc_interface/collectedHeap.inline.hpp, line 170]

Events (10 events):
Event: 288.755 Executing VM operation: ParallelGCFailedAllocation done
Event: 288.755 Executing VM operation: ParallelGCFailedAllocation
Event: 290.226 Executing VM operation: ParallelGCFailedAllocation done
Event: 290.226 Executing VM operation: ParallelGCFailedAllocation
Event: 291.678 Executing VM operation: ParallelGCFailedAllocation done
Event: 291.678 Executing VM operation: ParallelGCFailedAllocation
Event: 293.087 Executing VM operation: ParallelGCFailedAllocation done
Event: 293.087 Executing VM operation: ParallelGCFailedAllocation
Event: 294.528 Executing VM operation: ParallelGCFailedAllocation done
Event: 294.528 Executing VM operation: ParallelGCFailedAllocation


Dynamic libraries:
0x000000013f130000 - 0x000000013f167000 	C:\Program Files\Java\jre1.8.0_131\bin\javaw.exe
0x0000000077650000 - 0x00000000777fa000 	C:\windows\SYSTEM32\ntdll.dll
0x0000000077430000 - 0x000000007754f000 	C:\windows\system32\kernel32.dll
0x000007fefd690000 - 0x000007fefd6fa000 	C:\windows\system32\KERNELBASE.dll
0x000007feff3b0000 - 0x000007feff48b000 	C:\windows\system32\ADVAPI32.dll
0x000007fefe960000 - 0x000007fefe9ff000 	C:\windows\system32\msvcrt.dll
0x000007feff940000 - 0x000007feff95f000 	C:\windows\SYSTEM32\sechost.dll
0x000007fefd980000 - 0x000007fefdaad000 	C:\windows\system32\RPCRT4.dll
0x0000000077550000 - 0x000000007764a000 	C:\windows\system32\USER32.dll
0x000007fefdb40000 - 0x000007fefdba7000 	C:\windows\system32\GDI32.dll
0x000007fefeae0000 - 0x000007fefeaee000 	C:\windows\system32\LPK.dll
0x000007fefeea0000 - 0x000007fefef6b000 	C:\windows\system32\USP10.dll
0x000007fefbd90000 - 0x000007fefbf84000 	C:\windows\WinSxS\amd64_microsoft.windows.common-controls_6595b64144ccf1df_6.0.7601.18837_none_fa3b1e3d17594757\COMCTL32.dll
0x000007fefee20000 - 0x000007fefee91000 	C:\windows\system32\SHLWAPI.dll
0x000007feff710000 - 0x000007feff73e000 	C:\windows\system32\IMM32.DLL
0x000007feff240000 - 0x000007feff349000 	C:\windows\system32\MSCTF.dll
0x000000006f8c0000 - 0x000000006f992000 	C:\Program Files\Java\jre1.8.0_131\bin\msvcr100.dll
0x000000005e730000 - 0x000000005efcc000 	C:\Program Files\Java\jre1.8.0_131\bin\server\jvm.dll
0x000007fef38b0000 - 0x000007fef38b9000 	C:\windows\system32\WSOCK32.dll
0x000007feff6c0000 - 0x000007feff70d000 	C:\windows\system32\WS2_32.dll
0x000007fefdb30000 - 0x000007fefdb38000 	C:\windows\system32\NSI.dll
0x000007fefaea0000 - 0x000007fefaedb000 	C:\windows\system32\WINMM.dll
0x000007fefc420000 - 0x000007fefc42c000 	C:\windows\system32\VERSION.dll
0x0000000077820000 - 0x0000000077827000 	C:\windows\system32\PSAPI.DLL
0x0000000074720000 - 0x000000007472f000 	C:\Program Files\Java\jre1.8.0_131\bin\verify.dll
0x00000000742b0000 - 0x00000000742d9000 	C:\Program Files\Java\jre1.8.0_131\bin\java.dll
0x00000000746d0000 - 0x00000000746e6000 	C:\Program Files\Java\jre1.8.0_131\bin\zip.dll
0x000007fefdbb0000 - 0x000007fefe93a000 	C:\windows\system32\SHELL32.dll
0x000007feff740000 - 0x000007feff93c000 	C:\windows\system32\ole32.dll
0x000007fefd350000 - 0x000007fefd35f000 	C:\windows\system32\profapi.dll
0x000000006f660000 - 0x000000006f7f8000 	C:\Program Files\Java\jre1.8.0_131\bin\awt.dll
0x000007fefea00000 - 0x000007fefeada000 	C:\windows\system32\OLEAUT32.dll
0x000007fefba70000 - 0x000007fefbac6000 	C:\windows\system32\uxtheme.dll
0x000007fefb540000 - 0x000007fefb558000 	C:\windows\system32\dwmapi.dll
0x000007fefd1a0000 - 0x000007fefd1af000 	C:\windows\system32\CRYPTBASE.dll
0x000007feeee30000 - 0x000007feeef4d000 	C:\windows\system32\opengl32.dll
0x000007fefa110000 - 0x000007fefa13d000 	C:\windows\system32\GLU32.dll
0x000007feef5e0000 - 0x000007feef6d1000 	C:\windows\system32\DDRAW.dll
0x000007fefa720000 - 0x000007fefa728000 	C:\windows\system32\DCIMAN32.dll
0x000007fefd7a0000 - 0x000007fefd977000 	C:\windows\system32\SETUPAPI.dll
0x000007fefd4e0000 - 0x000007fefd516000 	C:\windows\system32\CFGMGR32.dll
0x000007fefd520000 - 0x000007fefd53a000 	C:\windows\system32\DEVOBJ.dll
0x00000000741c0000 - 0x0000000074207000 	C:\Program Files\Java\jre1.8.0_131\bin\fontmanager.dll
0x0000000074290000 - 0x00000000742aa000 	C:\Program Files\Java\jre1.8.0_131\bin\net.dll
0x000007fefcad0000 - 0x000007fefcb25000 	C:\windows\system32\mswsock.dll
0x000007fefcac0000 - 0x000007fefcac7000 	C:\windows\System32\wship6.dll
0x0000000074270000 - 0x0000000074281000 	C:\Program Files\Java\jre1.8.0_131\bin\nio.dll
0x0000000072be0000 - 0x0000000072c22000 	C:\Program Files\Java\jre1.8.0_131\bin\t2k.dll
0x000007fefd700000 - 0x000007fefd799000 	C:\windows\system32\CLBCatQ.DLL
0x000007fefb390000 - 0x000007fefb4f1000 	C:\windows\system32\WindowsCodecs.dll
0x000007fefd140000 - 0x000007fefd197000 	C:\windows\system32\apphelp.dll
0x000007fef9cd0000 - 0x000007fef9d05000 	C:\windows\system32\EhStorShell.dll
0x000007fefbbd0000 - 0x000007fefbcfc000 	C:\windows\system32\PROPSYS.dll
0x000007fef4790000 - 0x000007fef480e000 	C:\windows\System32\cscui.dll
0x000007fefa7c0000 - 0x000007fefa7cc000 	C:\windows\System32\CSCDLL.dll
0x000007fef5240000 - 0x000007fef524f000 	C:\windows\system32\CSCAPI.dll
0x000007fef3020000 - 0x000007fef30a0000 	C:\windows\system32\ntshrui.dll
0x000007fefcc80000 - 0x000007fefcca3000 	C:\windows\system32\srvcli.dll
0x000007fefad30000 - 0x000007fefad3b000 	C:\windows\system32\slc.dll
0x000007fefa140000 - 0x000007fefa265000 	C:\windows\system32\dbghelp.dll

VM Arguments:
jvm_args: -Dfile.encoding=Cp1252 
java_command: evolutionaryNeuralNetwork.DriverUI
java_class_path (initial): C:\Users\Nicholas\Documents\GitHub\EvolutionaryNeuralNetwork\bin;C:\Users\Nicholas\Documents\GitHub\EvolutionaryNeuralNetwork\jgoodies-forms-1.8.0.jar
Launcher Type: SUN_STANDARD

Environment Variables:
PATH=C:/Program Files/Java/jre1.8.0_131/bin/server;C:/Program Files/Java/jre1.8.0_131/bin;C:/Program Files/Java/jre1.8.0_131/lib/amd64;C:\app\Nicholas\product\12.2.0\dbhome_1\bin;C:\Program Files (x86)\NVIDIA Corporation\PhysX\Common;C:\ProgramData\Oracle\Java\javapath;C:\Program Files (x86)\Intel\iCLS Client\;C:\Program Files\Intel\iCLS Client\;C:\windows\system32;C:\windows;C:\windows\System32\Wbem;C:\windows\System32\WindowsPowerShell\v1.0\;C:\Program Files\Intel\Intel(R) Management Engine Components\DAL;C:\Program Files (x86)\Intel\Intel(R) Management Engine Components\DAL;C:\Program Files\Intel\Intel(R) Management Engine Components\IPT;C:\Program Files (x86)\Intel\Intel(R) Management Engine Components\IPT;C:\Program Files (x86)\Toshiba\Bluetooth Toshiba Stack\sys\;C:\Program Files (x86)\Toshiba\Bluetooth Toshiba Stack\sys\x64\;c:\Program Files (x86)\Microsoft SQL Server\100\Tools\Binn\;c:\Program Files\Microsoft SQL Server\100\Tools\Binn\;c:\Program Files\Microsoft SQL Server\100\DTS\Binn\;C:\Users\Nicholas\Desktop;
USERNAME=Nicholas
OS=Windows_NT
PROCESSOR_IDENTIFIER=Intel64 Family 6 Model 60 Stepping 3, GenuineIntel



---------------  S Y S T E M  ---------------

OS: Windows 7 , 64 bit Build 7601 (6.1.7601.23915)

CPU:total 8 (initial active 8) (4 cores per cpu, 2 threads per core) family 6 model 60 stepping 3, cmov, cx8, fxsr, mmx, sse, sse2, sse3, ssse3, sse4.1, sse4.2, popcnt, avx, avx2, aes, clmul, erms, lzcnt, ht, tsc, tscinvbit, bmi1, bmi2

Memory: 4k page, physical 8313076k(2580588k free), swap 16624292k(8996732k free)

vm_info: Java HotSpot(TM) 64-Bit Server VM (25.131-b11) for windows-amd64 JRE (1.8.0_131-b11), built on Mar 15 2017 01:23:53 by "java_re" with MS VC++ 10.0 (VS2010)

time: Sun Dec 03 00:39:34 2017
elapsed time: 294 seconds (0d 0h 4m 54s)

